 
****************************************
Report : area
Design : LBP
Version: S-2021.06-SP2
Date   : Mon Sep 26 11:47:54 2022
****************************************

Library(s) Used:

    slow (File: /cad/CBDK/CBDK_IC_Contest_v2.5/SynopsysDC/db/slow.db)

Number of ports:                           50
Number of nets:                           818
Number of cells:                          807
Number of combinational cells:            677
Number of sequential cells:               130
Number of macros/black boxes:               0
Number of buf/inv:                        196
Number of references:                      65

Combinational area:               5265.334841
Buf/Inv area:                     1283.234425
Noncombinational area:            3345.575457
Macro/Black Box area:                0.000000
Net Interconnect area:           96040.485931

Total cell area:                  8610.910298
Total area:                     104651.396229
1
