 
****************************************
Report : timing
        -path full
        -delay max
        -max_paths 1
Design : LBP
Version: S-2021.06-SP2
Date   : Mon Sep 26 11:47:54 2022
****************************************

Operating Conditions: slow   Library: slow
Wire Load Model Mode: top

  Startpoint: reset (input port clocked by clk)
  Endpoint: addr_reg[9]
            (rising edge-triggered flip-flop clocked by clk)
  Path Group: clk
  Path Type: max

  Des/Clust/Port     Wire Load Model       Library
  ------------------------------------------------
  LBP                tsmc13_wl10           slow

  Point                                    Incr       Path
  -----------------------------------------------------------
  clock clk (rise edge)                    0.00       0.00
  clock network delay (ideal)              0.50       0.50
  input external delay                     5.00       5.50 r
  reset (in)                               0.13       5.63 r
  U533/Y (INVX3)                           0.24       5.87 f
  U541/Y (NAND2X1)                         0.46       6.33 r
  U885/Y (OR2X4)                           0.48       6.81 r
  U530/Y (INVX3)                           0.47       7.28 f
  U545/Y (NOR2XL)                          0.50       7.78 r
  U573/Y (BUFX4)                           0.67       8.45 r
  U899/Y (CLKINVX1)                        0.66       9.11 f
  U900/Y (OA21XL)                          0.52       9.62 f
  U1138/Y (NAND2BX1)                       0.31       9.93 f
  U719/Y (OAI211XL)                        0.30      10.23 r
  addr_reg[9]/D (DFFQX1)                   0.00      10.23 r
  data arrival time                                  10.23

  clock clk (rise edge)                   10.00      10.00
  clock network delay (ideal)              0.50      10.50
  clock uncertainty                       -0.10      10.40
  addr_reg[9]/CK (DFFQX1)                  0.00      10.40 r
  library setup time                      -0.16      10.24
  data required time                                 10.24
  -----------------------------------------------------------
  data required time                                 10.24
  data arrival time                                 -10.23
  -----------------------------------------------------------
  slack (MET)                                         0.01


1
